# JRE version: Java(TM) SE Runtime Environment (19.0.1+10) (build 19.0.1+10-21)
# Java VM: Java HotSpot(TM) 64-Bit Server VM (19.0.1+10-21, mixed mode, sharing, tiered, compressed oops, compressed class ptrs, g1 gc, windows-amd64)
GC Precious Log:
 CardTable entry size: 512
 Card Set container configuration: InlinePtr #cards 5 size 8 Array Of Cards #cards 12 size 40 Howl #buckets 4 coarsen threshold 1843 Howl Bitmap #cards 512 size 80 coarsen threshold 460 Card regions per heap region 1 cards per card region 2048
 CPUs: 4 total, 4 available
 Memory: 7822M
 Large Page Support: Disabled
 NUMA Support: Disabled
 Compressed Oops: Enabled (32-bit)
 Heap Region Size: 1M
 Heap Min Capacity: 8M
 Heap Initial Capacity: 124M
 Heap Max Capacity: 2G
 Pre-touch: Disabled
 Parallel Workers: 4
 Concurrent Workers: 1
 Concurrent Refinement Workers: 4
 Periodic GC: Disabled
Heap:
 garbage-first heap   total 217088K, used 184410K [0x0000000080000000, 0x0000000100000000)
  region size 1024K, 19 young (19456K), 3 survivors (3072K)
 Metaspace       used 101228K, committed 103424K, reserved 552960K
  class space    used 13587K, committed 14720K, reserved 421888K
GC Heap History (20 events):
Event: 210.535 GC heap before
{Heap before GC invocations=41 (full 0):
 garbage-first heap   total 217088K, used 178717K [0x0000000080000000, 0x0000000100000000)
  region size 1024K, 44 young (45056K), 6 survivors (6144K)
 Metaspace       used 100107K, committed 102272K, reserved 552960K
  class space    used 13490K, committed 14656K, reserved 421888K
}
Event: 210.568 GC heap after
{Heap after GC invocations=42 (full 0):
 garbage-first heap   total 217088K, used 146048K [0x0000000080000000, 0x0000000100000000)
  region size 1024K, 6 young (6144K), 6 survivors (6144K)
 Metaspace       used 100107K, committed 102272K, reserved 552960K
  class space    used 13490K, committed 14656K, reserved 421888K
}
Event: 227.028 GC heap before
{Heap before GC invocations=42 (full 0):
 garbage-first heap   total 217088K, used 178816K [0x0000000080000000, 0x0000000100000000)
  region size 1024K, 39 young (39936K), 6 survivors (6144K)
 Metaspace       used 100749K, committed 102976K, reserved 552960K
  class space    used 13563K, committed 14720K, reserved 421888K
}
Event: 227.050 GC heap after
{Heap after GC invocations=43 (full 0):
 garbage-first heap   total 217088K, used 148602K [0x0000000080000000, 0x0000000100000000)
  region size 1024K, 4 young (4096K), 4 survivors (4096K)
 Metaspace       used 100749K, committed 102976K, reserved 552960K
  class space    used 13563K, committed 14720K, reserved 421888K
}
Event: 228.928 GC heap before
{Heap before GC invocations=43 (full 0):
 garbage-first heap   total 217088K, used 180346K [0x0000000080000000, 0x0000000100000000)
  region size 1024K, 36 young (36864K), 4 survivors (4096K)
 Metaspace       used 100835K, committed 103040K, reserved 552960K
  class space    used 13563K, committed 14720K, reserved 421888K
}
Event: 228.940 GC heap after
{Heap after GC invocations=44 (full 0):
 garbage-first heap   total 217088K, used 152258K [0x0000000080000000, 0x0000000100000000)
  region size 1024K, 5 young (5120K), 5 survivors (5120K)
 Metaspace       used 100835K, committed 103040K, reserved 552960K
  class space    used 13563K, committed 14720K, reserved 421888K
}
Event: 231.105 GC heap before
{Heap before GC invocations=44 (full 0):
 garbage-first heap   total 217088K, used 181954K [0x0000000080000000, 0x0000000100000000)
  region size 1024K, 34 young (34816K), 5 survivors (5120K)
 Metaspace       used 100836K, committed 103040K, reserved 552960K
  class space    used 13563K, committed 14720K, reserved 421888K
}
Event: 231.114 GC heap after
{Heap after GC invocations=45 (full 0):
 garbage-first heap   total 217088K, used 153740K [0x0000000080000000, 0x0000000100000000)
  region size 1024K, 4 young (4096K), 4 survivors (4096K)
 Metaspace       used 100836K, committed 103040K, reserved 552960K
  class space    used 13563K, committed 14720K, reserved 421888K
}
Event: 232.521 GC heap before
{Heap before GC invocations=45 (full 0):
 garbage-first heap   total 217088K, used 185484K [0x0000000080000000, 0x0000000100000000)
  region size 1024K, 32 young (32768K), 4 survivors (4096K)
 Metaspace       used 100841K, committed 103040K, reserved 552960K
  class space    used 13563K, committed 14720K, reserved 421888K
}
Event: 232.529 GC heap after
{Heap after GC invocations=46 (full 0):
 garbage-first heap   total 217088K, used 155405K [0x0000000080000000, 0x0000000100000000)
  region size 1024K, 4 young (4096K), 4 survivors (4096K)
 Metaspace       used 100841K, committed 103040K, reserved 552960K
  class space    used 13563K, committed 14720K, reserved 421888K
}
Event: 234.028 GC heap before
{Heap before GC invocations=46 (full 0):
 garbage-first heap   total 217088K, used 186125K [0x0000000080000000, 0x0000000100000000)
  region size 1024K, 31 young (31744K), 4 survivors (4096K)
 Metaspace       used 101042K, committed 103232K, reserved 552960K
  class space    used 13574K, committed 14720K, reserved 421888K
}
Event: 234.043 GC heap after
{Heap after GC invocations=47 (full 0):
 garbage-first heap   total 217088K, used 157894K [0x0000000080000000, 0x0000000100000000)
  region size 1024K, 4 young (4096K), 4 survivors (4096K)
 Metaspace       used 101042K, committed 103232K, reserved 552960K
  class space    used 13574K, committed 14720K, reserved 421888K
}
Event: 235.051 GC heap before
{Heap before GC invocations=47 (full 0):
 garbage-first heap   total 217088K, used 186566K [0x0000000080000000, 0x0000000100000000)
  region size 1024K, 29 young (29696K), 4 survivors (4096K)
 Metaspace       used 101084K, committed 103296K, reserved 552960K
  class space    used 13575K, committed 14720K, reserved 421888K
}
Event: 235.065 GC heap after
{Heap after GC invocations=48 (full 0):
 garbage-first heap   total 217088K, used 159607K [0x0000000080000000, 0x0000000100000000)
  region size 1024K, 3 young (3072K), 3 survivors (3072K)
 Metaspace       used 101084K, committed 103296K, reserved 552960K
  class space    used 13575K, committed 14720K, reserved 421888K
}
Event: 235.403 GC heap before
{Heap before GC invocations=48 (full 0):
 garbage-first heap   total 217088K, used 172919K [0x0000000080000000, 0x0000000100000000)
  region size 1024K, 11 young (11264K), 3 survivors (3072K)
 Metaspace       used 101118K, committed 103296K, reserved 552960K
  class space    used 13576K, committed 14720K, reserved 421888K
}
Event: 235.411 GC heap after
{Heap after GC invocations=49 (full 0):
 garbage-first heap   total 217088K, used 162759K [0x0000000080000000, 0x0000000100000000)
  region size 1024K, 1 young (1024K), 1 survivors (1024K)
 Metaspace       used 101118K, committed 103296K, reserved 552960K
  class space    used 13576K, committed 14720K, reserved 421888K
}
Event: 236.349 GC heap before
{Heap before GC invocations=49 (full 0):
 garbage-first heap   total 217088K, used 187335K [0x0000000080000000, 0x0000000100000000)
  region size 1024K, 24 young (24576K), 1 survivors (1024K)
 Metaspace       used 101211K, committed 103424K, reserved 552960K
  class space    used 13586K, committed 14720K, reserved 421888K
}
Event: 236.360 GC heap after
{Heap after GC invocations=50 (full 0):
 garbage-first heap   total 217088K, used 164070K [0x0000000080000000, 0x0000000100000000)
  region size 1024K, 3 young (3072K), 3 survivors (3072K)
 Metaspace       used 101211K, committed 103424K, reserved 552960K
  class space    used 13586K, committed 14720K, reserved 421888K
}
Event: 236.645 GC heap before
{Heap before GC invocations=50 (full 0):
 garbage-first heap   total 217088K, used 175333K [0x0000000080000000, 0x0000000100000000)
  region size 1024K, 16 young (16384K), 3 survivors (3072K)
 Metaspace       used 101215K, committed 103424K, reserved 552960K
  class space    used 13586K, committed 14720K, reserved 421888K
}
Event: 236.658 GC heap after
{Heap after GC invocations=51 (full 0):
 garbage-first heap   total 217088K, used 165978K [0x0000000080000000, 0x0000000100000000)
  region size 1024K, 3 young (3072K), 3 survivors (3072K)
 Metaspace       used 101215K, committed 103424K, reserved 552960K
  class space    used 13586K, committed 14720K, reserved 421888K
}

